<?xml version="1.0" encoding="UTF-8"?>
<!-- Generated by org.testng.reporters.JUnitReportReporter -->
<testsuite hostname="Ajit-PC" name="com.automation.TestNGrunners.TestNGrunner" tests="1" failures="0" timestamp="18 Aug 2018 15:59:17 GMT" time="19.330" errors="0">
  <testcase name="feature" time="19.330" classname="com.automation.TestNGrunners.TestNGrunner"/>
</testsuite> <!-- com.automation.TestNGrunners.TestNGrunner -->
