<?xml version="1.0" encoding="UTF-8"?>
<!-- Generated by org.testng.reporters.JUnitReportReporter -->
<testsuite hostname="Ajit-PC" name="com.autoamtion.TestNGrunners.TestNGrunner" tests="1" failures="0" timestamp="18 Aug 2018 13:38:58 GMT" time="0.503" errors="0">
  <testcase name="feature" time="0.503" classname="com.autoamtion.TestNGrunners.TestNGrunner"/>
</testsuite> <!-- com.autoamtion.TestNGrunners.TestNGrunner -->
